code-creation,Stub,2,0x4b70a000,213,"JSEntryStub"
code-creation,Stub,2,0x4b70a0e0,213,"JSConstructEntryStub"
code-creation,Stub,2,0x4b70a1c0,557,"CEntryStub"
code-creation,Stub,2,0x4b70a400,97,"StoreBufferOverflowStub"
code-creation,Stub,2,0x4b70a480,197,"StoreBufferOverflowStub"
code-creation,Stub,2,0x4b70a560,1420,"RecordWriteStub"
code-creation,Stub,2,0x4b70ab00,1433,"RecordWriteStub"
code-creation,Stub,2,0x4b70b0a0,611,"RecordWriteStub"
code-creation,Stub,2,0x4b70b320,611,"RecordWriteStub"
code-creation,Stub,2,0x4b70b5a0,1433,"RecordWriteStub"
code-creation,Stub,2,0x4b70bb40,1433,"RecordWriteStub"
code-creation,Stub,2,0x4b70c0e0,1453,"RecordWriteStub"
code-creation,Stub,2,0x4b70c6a0,1461,"RecordWriteStub"
code-creation,Stub,2,0x4b70cc60,1433,"RecordWriteStub"
code-creation,Stub,2,0x4b70d200,1433,"RecordWriteStub"
code-creation,Stub,2,0x4b70d7a0,611,"RecordWriteStub"
code-creation,Stub,2,0x4b70da20,1437,"RecordWriteStub"
code-creation,Stub,2,0x4b70dfc0,1428,"RecordWriteStub"
code-creation,Stub,2,0x4b70e560,1448,"RecordWriteStub"
code-creation,Stub,2,0x4b70eb20,1453,"RecordWriteStub"
code-creation,Builtin,4,0x4b70f0e0,77,"Illegal"
code-creation,Builtin,4,0x4b70f140,77,"EmptyFunction"
code-creation,Builtin,4,0x4b70f1a0,77,"InternalArrayCodeGeneric"
code-creation,Builtin,4,0x4b70f200,77,"ArrayCodeGeneric"
code-creation,Builtin,4,0x4b70f260,77,"ArrayPush"
code-creation,Builtin,4,0x4b70f2c0,77,"ArrayPop"
code-creation,Builtin,4,0x4b70f320,77,"ArrayShift"
code-creation,Builtin,4,0x4b70f380,77,"ArrayUnshift"
code-creation,Builtin,4,0x4b70f3e0,77,"ArraySlice"
code-creation,Builtin,4,0x4b70f440,77,"ArraySplice"
code-creation,Builtin,4,0x4b70f4a0,77,"ArrayConcat"
code-creation,Builtin,4,0x4b70f500,80,"HandleApiCall"
code-creation,Builtin,4,0x4b70f560,80,"HandleApiCallConstruct"
code-creation,Builtin,4,0x4b70f5c0,77,"HandleApiCallAsFunction"
code-creation,Builtin,4,0x4b70f620,77,"HandleApiCallAsConstructor"
code-creation,Builtin,4,0x4b70f680,77,"StrictModePoisonPill"
code-creation,Builtin,4,0x4b70f6e0,174,"ArgumentsAdaptorTrampoline"
code-creation,Builtin,4,0x4b70f7a0,75,"InRecompileQueue"
code-creation,Builtin,4,0x4b70f800,491,"JSConstructStubCountdown"
code-creation,Builtin,4,0x4b70fa00,432,"JSConstructStubGeneric"
code-creation,Builtin,4,0x4b70fbc0,406,"JSConstructStubApi"
code-creation,Builtin,4,0x4b70fd60,157,"JSEntryTrampoline"
code-creation,Stub,2,0x4b70fe00,148,"CallConstructStub"
code-creation,Builtin,4,0x4b70fea0,126,"JSConstructEntryTrampoline"
code-creation,Builtin,4,0x4b70ff20,101,"LazyCompile"
code-creation,Builtin,4,0x4b70ffa0,101,"LazyRecompile"
code-creation,Builtin,4,0x4b710020,107,"ParallelRecompile"
code-creation,Builtin,4,0x4b7100a0,143,"NotifyDeoptimized"
code-creation,Builtin,4,0x4b710140,143,"NotifyLazyDeoptimized"
code-creation,Builtin,4,0x4b7101e0,94,"NotifyICMiss"
code-creation,Builtin,4,0x4b710240,91,"NotifyOSR"
code-creation,Builtin,4,0x4b7102a0,83,"LoadIC_Miss"
code-creation,Builtin,4,0x4b710300,83,"KeyedLoadIC_Miss"
code-creation,Builtin,4,0x4b710360,83,"KeyedLoadIC_MissForceGeneric"
code-creation,Builtin,4,0x4b7103c0,83,"KeyedLoadIC_Slow"
code-creation,Builtin,4,0x4b710420,84,"StoreIC_Miss"
code-creation,Builtin,4,0x4b710480,84,"KeyedStoreIC_Miss"
code-creation,Builtin,4,0x4b7104e0,84,"KeyedStoreIC_MissForceGeneric"
code-creation,Builtin,4,0x4b710540,84,"KeyedStoreIC_Slow"
code-creation,Builtin,5,0x4b7105a0,83,"LoadIC_Initialize"
code-creation,Builtin,5,0x4b710600,83,"LoadIC_PreMonomorphic"
code-creation,Stub,2,0x4b710660,740,"StringDictionaryLookupStub"
code-creation,Builtin,5,0x4b710960,313,"LoadIC_Normal"
code-creation,Builtin,5,0x4b710aa0,95,"LoadIC_ArrayLength"
code-creation,Builtin,5,0x4b710b00,97,"LoadIC_StringLength"
code-creation,Builtin,5,0x4b710b80,139,"LoadIC_StringWrapperLength"
code-creation,Builtin,5,0x4b710c20,145,"LoadIC_FunctionPrototype"
code-creation,Builtin,5,0x4b710cc0,266,"LoadIC_Megamorphic"
code-creation,Builtin,5,0x4b710de0,80,"LoadIC_Getter_ForDeopt"
code-creation,Builtin,6,0x4b710e40,83,"KeyedLoadIC_Initialize"
code-creation,Builtin,6,0x4b710ea0,83,"KeyedLoadIC_PreMonomorphic"
code-creation,Stub,2,0x4b710f00,740,"StringDictionaryLookupStub"
code-creation,Builtin,6,0x4b711200,890,"KeyedLoadIC_Generic"
code-creation,Builtin,6,0x4b711580,499,"KeyedLoadIC_String"
code-creation,Builtin,6,0x4b711780,144,"KeyedLoadIC_IndexedInterceptor"
code-creation,Builtin,6,0x4b711820,216,"KeyedLoadIC_NonStrictArguments"
code-creation,Builtin,9,0x4b711900,84,"StoreIC_Initialize"
code-creation,Builtin,9,0x4b711960,165,"StoreIC_ArrayLength"
code-creation,Stub,2,0x4b711a20,740,"StringDictionaryLookupStub"
code-creation,Builtin,9,0x4b711d20,365,"StoreIC_Normal"
code-creation,Builtin,9,0x4b711ea0,293,"StoreIC_Megamorphic"
code-creation,Builtin,9,0x4b711fe0,88,"StoreIC_GlobalProxy"
code-creation,Builtin,9,0x4b712040,84,"StoreIC_Initialize_Strict"
code-creation,Builtin,9,0x4b7120a0,165,"StoreIC_ArrayLength_Strict"
code-creation,Builtin,9,0x4b712160,365,"StoreIC_Normal_Strict"
code-creation,Builtin,9,0x4b7122e0,293,"StoreIC_Megamorphic_Strict"
code-creation,Builtin,9,0x4b712420,88,"StoreIC_GlobalProxy_Strict"
code-creation,Builtin,9,0x4b712480,82,"StoreIC_Setter_ForDeopt"
code-creation,Builtin,10,0x4b7124e0,84,"KeyedStoreIC_Initialize"
code-creation,Builtin,10,0x4b712540,1930,"KeyedStoreIC_Generic"
code-creation,Builtin,10,0x4b712ce0,84,"KeyedStoreIC_Initialize_Strict"
code-creation,Builtin,10,0x4b712d40,1930,"KeyedStoreIC_Generic_Strict"
code-creation,Stub,2,0x4b7134e0,1425,"RecordWriteStub"
code-creation,Builtin,10,0x4b713a80,286,"KeyedStoreIC_NonStrictArguments"
code-creation,Builtin,4,0x4b713ba0,320,"TransitionElementsSmiToDouble"
code-creation,Builtin,4,0x4b713ce0,415,"TransitionElementsDoubleToObject"
code-creation,Builtin,4,0x4b713e80,376,"FunctionCall"
code-creation,Builtin,4,0x4b714000,388,"FunctionApply"
code-creation,Stub,2,0x4b7141a0,613,"RecordWriteStub"
code-creation,Builtin,4,0x4b714420,605,"InternalArrayCode"
code-creation,Builtin,4,0x4b714680,605,"ArrayCode"
code-creation,Builtin,4,0x4b7148e0,608,"ArrayConstructCode"
code-creation,Builtin,4,0x4b714b40,358,"StringConstructCode"
code-creation,Stub,2,0x4b714cc0,76,"StackCheckStub"
code-creation,Builtin,4,0x4b714d20,538,"OnStackReplacement"
code-creation,Builtin,4,0x4b714f40,101,"MakeQuadragenarianCodeYoungAgainOddMarking"
code-creation,Builtin,4,0x4b714fc0,101,"MakeQuadragenarianCodeYoungAgainEvenMarking"
code-creation,Builtin,4,0x4b715040,101,"MakeQuinquagenarianCodeYoungAgainOddMarking"
code-creation,Builtin,4,0x4b7150c0,101,"MakeQuinquagenarianCodeYoungAgainEvenMarking"
code-creation,Builtin,4,0x4b715140,101,"MakeSexagenarianCodeYoungAgainOddMarking"
code-creation,Builtin,4,0x4b7151c0,101,"MakeSexagenarianCodeYoungAgainEvenMarking"
code-creation,Builtin,4,0x4b715240,101,"MakeSeptuagenarianCodeYoungAgainOddMarking"
code-creation,Builtin,4,0x4b7152c0,101,"MakeSeptuagenarianCodeYoungAgainEvenMarking"
code-creation,Builtin,4,0x4b715340,101,"MakeOctogenarianCodeYoungAgainOddMarking"
code-creation,Builtin,4,0x4b7153c0,101,"MakeOctogenarianCodeYoungAgainEvenMarking"
code-creation,Builtin,4,0x4b715440,107,"Return_DebugBreak"
code-creation,Builtin,4,0x4b7154c0,104,"CallFunctionStub_DebugBreak"
code-creation,Builtin,4,0x4b715540,106,"CallFunctionStub_Recording_DebugBreak"
code-creation,Builtin,4,0x4b7155c0,110,"CallConstructStub_DebugBreak"
code-creation,Builtin,4,0x4b715640,112,"CallConstructStub_Recording_DebugBreak"
code-creation,Builtin,5,0x4b7156c0,106,"LoadIC_DebugBreak"
code-creation,Builtin,6,0x4b715740,106,"KeyedLoadIC_DebugBreak"
code-creation,Builtin,9,0x4b7157c0,108,"StoreIC_DebugBreak"
code-creation,Builtin,10,0x4b715840,108,"KeyedStoreIC_DebugBreak"
code-creation,Builtin,4,0x4b7158c0,105,"Slot_DebugBreak"
code-creation,Builtin,4,0x4b715940,65,"PlainReturn_LiveEdit"
code-creation,Builtin,4,0x4b7159a0,93,"FrameDropper_LiveEdit"
code-creation,Stub,2,0x4b715a00,183,"CallConstructStub_Recording"
code-creation,Stub,2,0x4b715ac0,76,"InterruptStub"
code-creation,Script,0,0x4b715b20,612,"native runtime.js",0x23c0b89c,
code-creation,CallInitialize,7,0x4b715da0,178,"args_count: 1"
code-creation,CallInitialize,7,0x4b715e60,178,"args_count: 2"
code-creation,LazyCompile,0,0x4b715f20,1668,"EQUALS native runtime.js:54",0x23c0a468,
code-creation,LazyCompile,0,0x4b7165c0,376,"STRICT_EQUALS native runtime.js:100",0x23c0a4d0,
code-creation,Stub,2,0x4b716740,217,"StringCompareStub"
code-creation,Stub,13,0x4b716820,104,"CompareICStub"
code-creation,LazyCompile,0,0x4b7168a0,924,"COMPARE native runtime.js:120",0x23c0a538,
code-creation,Stub,2,0x4b716c40,1290,"StringAddStub"
code-creation,LazyCompile,0,0x4b717160,596,"ADD native runtime.js:163",0x23c0a5a0,
code-creation,LazyCompile,0,0x4b7173c0,296,"SUB native runtime.js:214",0x23c0a6d8,
code-creation,LazyCompile,0,0x4b717500,296,"MUL native runtime.js:222",0x23c0a740,
code-creation,LazyCompile,0,0x4b717640,296,"DIV native runtime.js:230",0x23c0a7a8,
code-creation,LazyCompile,0,0x4b717780,296,"MOD native runtime.js:238",0x23c0a810,
code-creation,LazyCompile,0,0x4b7178c0,296,"BIT_OR native runtime.js:252",0x23c0a878,
code-creation,LazyCompile,0,0x4b717a00,384,"BIT_AND native runtime.js:260",0x23c0a8e0,
code-creation,LazyCompile,0,0x4b717b80,296,"BIT_XOR native runtime.js:282",0x23c0a948,
code-creation,LazyCompile,0,0x4b717cc0,244,"UNARY_MINUS native runtime.js:290",0x23c0a9b0,
code-creation,LazyCompile,0,0x4b717dc0,244,"BIT_NOT native runtime.js:297",0x23c0aa18,
code-creation,LazyCompile,0,0x4b717ec0,296,"SHL native runtime.js:304",0x23c0aa80,
code-creation,LazyCompile,0,0x4b718000,384,"SAR native runtime.js:312",0x23c0aae8,
code-creation,LazyCompile,0,0x4b718180,296,"SHR native runtime.js:334",0x23c0ab50,
code-creation,LazyCompile,0,0x4b7182c0,228,"DELETE native runtime.js:348",0x23c0abb8,
code-creation,Stub,2,0x4b7183c0,379,"FastCloneShallowArrayStub"
code-creation,Stub,2,0x4b718540,234,"StoreArrayLiteralElementStub"
code-creation,LazyCompile,0,0x4b718640,376,"IN native runtime.js:354",0x23c0ac20,
code-creation,Stub,13,0x4b7187c0,104,"CompareICStub"
code-creation,Stub,2,0x4b718840,367,"FastCloneShallowArrayStub"
code-creation,Stub,14,0x4b7189c0,85,"ToBooleanStub_None"
code-creation,LazyCompile,0,0x4b718a20,636,"INSTANCE_OF native runtime.js:367",0x23c0ac88,
code-creation,LazyCompile,0,0x4b718ca0,236,"FILTER_KEY native runtime.js:398",0x23c0acf0,
code-creation,Stub,2,0x4b718da0,353,"ArgumentsAccessStub_NewNonStrictFast"
code-creation,LazyCompile,0,0x4b718f20,376,"CALL_NON_FUNCTION native runtime.js:405",0x23c0ad58,
code-creation,LazyCompile,0,0x4b7190a0,376,"CALL_NON_FUNCTION_AS_CONSTRUCTOR native runtime.js:414",0x23c0adc0,
code-creation,Stub,12,0x4b719220,88,"BinaryOpStub_SUB_Alloc_Uninitialized+Uninitialized"
code-creation,Stub,2,0x4b719280,130,"ArgumentsAccessStub_ReadElement"
code-creation,LazyCompile,0,0x4b719320,288,"CALL_FUNCTION_PROXY native runtime.js:423",0x23c0ae28,
code-creation,LazyCompile,0,0x4b719440,260,"CALL_FUNCTION_PROXY_AS_CONSTRUCTOR native runtime.js:431",0x23c0ae90,
code-creation,LazyCompile,0,0x4b719560,188,"TO_OBJECT native runtime.js:482",0x23c0afc8,
code-creation,LazyCompile,0,0x4b719620,188,"TO_NUMBER native runtime.js:488",0x23c0b030,
code-creation,LazyCompile,0,0x4b7196e0,188,"TO_STRING native runtime.js:494",0x23c0b098,
code-creation,Stub,2,0x4b7197a0,196,"NumberToStringStub"
code-creation,LazyCompile,0,0x4b719880,572,"STRING_ADD_LEFT native runtime.js:183",0x23c0a608,
code-creation,LazyCompile,0,0x4b719ac0,580,"STRING_ADD_RIGHT native runtime.js:198",0x23c0a670,
code-creation,Stub,13,0x4b719d20,104,"CompareICStub"
code-creation,Stub,13,0x4b719da0,104,"CompareICStub"
code-creation,Stub,13,0x4b719e20,104,"CompareICStub"
code-creation,Stub,2,0x4b719ea0,325,"FastCloneShallowArrayStub"
code-creation,LazyCompile,0,0x4b71a000,964,"APPLY_PREPARE native runtime.js:438",0x23c0aef8,
code-creation,LazyCompile,0,0x4b71a3e0,220,"APPLY_OVERFLOW native runtime.js:476",0x23c0af60,
code-creation,CallInitialize,7,0x4b71a4c0,180,"args_count: 0"
code-creation,CallInitialize,7,0x4b71a580,180,"args_count: 12"
code-creation,CallInitialize,7,0x4b71a640,189,"args_count: 38"
code-creation,CallInitialize,7,0x4b71a700,180,"args_count: 3"
code-creation,Script,0,0x4b71a7c0,1620,"native v8natives.js",0x23c0f364,
code-creation,CallPreMonomorphic,7,0x4b71ae20,180,"args_count: 0"
code-creation,CallInitialize,7,0x4b71aee0,180,"args_count: 10"
code-creation,LazyCompile,0,0x4b71afa0,452,"SetUpGlobal native v8natives.js:187",0x23c0ccf8,
code-creation,CallPreMonomorphic,7,0x4b71b180,180,"args_count: 10"
code-creation,CallPreMonomorphic,7,0x4b71b240,180,"args_count: 3"
code-creation,Stub,12,0x4b71b300,88,"BinaryOpStub_SAR_Alloc_Uninitialized+Uninitialized"
code-creation,Stub,12,0x4b71b360,88,"BinaryOpStub_ADD_Alloc_Uninitialized+Uninitialized"
code-creation,LazyCompile,0,0x4b71b3c0,564,"InstallFunctions native v8natives.js:48",0x23c0c9b8,
code-creation,Stub,13,0x4b71b600,122,"CompareICStub"
code-creation,Stub,12,0x4b71b680,122,"BinaryOpStub_SAR_Alloc_SMI+SMI"
code-creation,Stub,13,0x4b71b700,122,"CompareICStub"
code-creation,Stub,2,0x4b71b780,717,"CEntryStub"
code-creation,Stub,3,0x4b71ba60,140,"KeyedLoadElementStub"
code-creation,KeyedLoadIC,6,0x4b71bb00,91,""
code-creation,KeyedLoadIC,6,0x4b71bb00,91,"args_count: 0"
code-creation,Stub,12,0x4b71bb60,117,"BinaryOpStub_ADD_Alloc_SMI+SMI"
code-creation,CallInitialize,7,0x4b71bbe0,180,"args_count: 1"
code-creation,LazyCompile,0,0x4b71bca0,292," native v8natives.js:215",0x23c0ea30,
code-creation,LazyCompile,0,0x4b71bca0,292," native v8natives.js:215",0x23c0ea30,
code-creation,CallPreMonomorphic,7,0x4b71bde0,180,"args_count: 1"
code-creation,LazyCompile,0,0x4b71bea0,440,"ToBoolean native runtime.js:517",0x23c0b168,
code-creation,StoreIC,9,0x4b71c060,143,"constructor"
code-creation,StoreIC,9,0x4b71c060,143,"constructor"
code-creation,CallPreMonomorphic,7,0x4b71c100,180,"args_count: 12"
code-creation,CallPreMonomorphic,7,0x4b71c1c0,189,"args_count: 38"
code-creation,Stub,12,0x4b71c280,88,"BinaryOpStub_ADD_OverwriteLeft_Uninitialized+Uninitialized"
code-creation,Stub,2,0x4b71c2e0,98,"ToNumberStub"
code-creation,LazyCompile,0,0x4b71c360,816,"SetUpLockedPrototype native v8natives.js:77",0x23c0ca88,
code-creation,Stub,14,0x4b71c6a0,116,"ToBooleanStub_SpecObject"
code-creation,Stub,12,0x4b71c720,117,"BinaryOpStub_ADD_OverwriteLeft_SMI+SMI"
code-creation,Stub,2,0x4b71c7a0,173,"FastCloneShallowObjectStub"
code-creation,LazyCompile,0,0x4b71c860,368," native v8natives.js:1300",0x23c0f250,
code-creation,LazyCompile,0,0x4b71c860,368," native v8natives.js:1300",0x23c0f250,
code-creation,CallInitialize,7,0x4b71c9e0,180,"args_count: 20"
code-creation,CallInitialize,7,0x4b71caa0,180,"args_count: 28"
code-creation,LazyCompile,0,0x4b71cb60,740,"SetUpObject native v8natives.js:1315",0x23c0e078,
code-creation,CallPreMonomorphic,7,0x4b71ce60,180,"args_count: 20"
code-creation,CallPreMonomorphic,7,0x4b71cf20,180,"args_count: 28"
code-creation,CallInitialize,7,0x4b71cfe0,180,"args_count: 4"
code-creation,LazyCompile,0,0x4b71d0a0,272,"SetUpBoolean native v8natives.js:1380",0x23c0e1b0,
code-creation,CallPreMonomorphic,7,0x4b71d1c0,180,"args_count: 4"
code-creation,LazyCompile,0,0x4b71d280,336," native v8natives.js:1395",0x23c0f2b8,
code-creation,LazyCompile,0,0x4b71d280,336," native v8natives.js:1395",0x23c0f2b8,
code-creation,Stub,13,0x4b71d3e0,116,"CompareICStub"
code-creation,LazyCompile,0,0x4b71d460,464,"ToNumber native runtime.js:527",0x23c0b1d0,
code-creation,LazyCompile,0,0x4b71d640,816,"SetUpNumber native v8natives.js:1540",0x23c0e558,
code-creation,CallInitialize,7,0x4b71d980,180,"args_count: 2"
code-creation,LazyCompile,0,0x4b71da40,944,"NewFunction native v8natives.js:1691",0x23c0e6f8,
code-creation,LazyCompile,0,0x4b71da40,944,"NewFunction native v8natives.js:1691",0x23c0e6f8,
code-creation,LazyCompile,0,0x4b71de00,272,"SetUpFunction native v8natives.js:1719",0x23c0e760,
code-creation,Script,0,0x4b71df20,268,"native array.js",0x23c11558,
code-creation,Stub,2,0x4b71e040,160,"FastNewContextStub"
code-creation,Stub,2,0x4b71e0e0,304,"FastNewClosureStub"
code-creation,Stub,2,0x4b71e220,243,"CallFunctionStub_Args2_Recording"
code-creation,Stub,2,0x4b71e320,243,"CallFunctionStub_Args3_Recording"
code-creation,CallInitialize,7,0x4b71e420,189,"args_count: 42"
code-creation,LazyCompile,0,0x4b71e4e0,1984,"SetUpArray native array.js:1498",0x23c1138c,
code-creation,CallPreMonomorphic,7,0x4b71eca0,180,"args_count: 2"
code-creation,LazyCompile,0,0x4b71ed60,292,"SetUpArray.b native array.js:1511",0x23c11c4c,
code-creation,CallPreMonomorphic,7,0x4b71eea0,178,"args_count: 1"
code-creation,LazyCompile,0,0x4b71ef60,460,"hasOwnProperty native v8natives.js:259",0x23c0ce98,
code-creation,Stub,14,0x4b71f140,111,"ToBooleanStub_Bool"
code-creation,CallMiss,7,0x4b71f1c0,178,"args_count: 1"
code-creation,CallIC,7,0x4b71f280,126,"hasOwnProperty"
code-creation,KeyedLoadIC,6,0x4b71f300,109,"push"
code-creation,KeyedLoadIC,6,0x4b71f300,109,"push"
code-creation,KeyedLoadIC,6,0x4b71f380,109,"concat"
code-creation,KeyedLoadIC,6,0x4b71f380,109,"concat"
code-creation,CallPreMonomorphic,7,0x4b71f400,189,"args_count: 42"
code-creation,Stub,2,0x4b71f4c0,163,"FastCloneShallowArrayStub"
code-creation,CallInitialize,7,0x4b71f580,180,"args_count: 6"
code-creation,Script,0,0x4b71f640,688,"native string.js",0x23c139e4,
code-creation,LazyCompile,0,0x4b71f900,380," native string.js:36",0x23c137f8,
code-creation,LazyCompile,0,0x4b71f900,380," native string.js:36",0x23c137f8,
code-creation,CallPreMonomorphic,7,0x4b71fa80,180,"args_count: 6"
code-creation,CallInitialize,7,0x4b71fb40,189,"args_count: 70"
code-creation,LazyCompile,0,0x4b71fc00,1032,"SetUpString native string.js:958",0x23c13608,
code-creation,CallPreMonomorphic,7,0x4b720020,189,"args_count: 70"
code-creation,Script,0,0x4b7200e0,264,"native uri.js",0x23c14bac,
code-creation,LazyCompile,0,0x4b720200,336,"SetUpUri native uri.js:438",0x23c14a68,
code-creation,Script,0,0x4b720360,472,"native math.js",0x23c15888,
code-creation,LazyCompile,0,0x4b720540,164,"MathConstructor native math.js:37",0x23c14f6c,
code-creation,CallInitialize,7,0x4b720600,189,"args_count: 36"
code-creation,LazyCompile,0,0x4b7206c0,952,"SetUpMath native math.js:217",0x23c15724,
code-creation,CallPreMonomorphic,7,0x4b720a80,189,"args_count: 36"
code-creation,CallInitialize,7,0x4b720b40,180,"args_count: 7"
code-creation,CallInitialize,7,0x4b720c00,180,"args_count: 14"
code-creation,CallInitialize,7,0x4b720cc0,180,"args_count: 5"
code-creation,CallInitialize,7,0x4b720d80,189,"args_count: 32"
code-creation,Stub,2,0x4b720e40,190,"FastCloneShallowArrayStub"
code-creation,Script,0,0x4b720f00,1664,"native messages.js",0x23c18930,
code-creation,LazyCompile,0,0x4b721580,216," native messages.js:266",0x23c18884,
code-creation,LazyCompile,0,0x4b721580,216," native messages.js:266",0x23c18884,
code-creation,CallPreMonomorphic,7,0x4b721660,180,"args_count: 7"
code-creation,CallPreMonomorphic,7,0x4b721720,180,"args_count: 14"
code-creation,CallPreMonomorphic,7,0x4b7217e0,180,"args_count: 5"
code-creation,CallPreMonomorphic,7,0x4b7218a0,189,"args_count: 32"
code-creation,Stub,2,0x4b721960,243,"CallFunctionStub_Args1_Recording"
code-creation,LazyCompile,0,0x4b721a60,460,"SetUpError native messages.js:1106",0x23c1848c,
code-creation,Stub,2,0x4b721c40,1420,"RecordWriteStub"
code-creation,LazyCompile,0,0x4b7221e0,692,"SetUpError.a native messages.js:1109",0x23c19430,
code-creation,Stub,2,0x4b7224a0,1247,"StringAddStub"
code-creation,Stub,12,0x4b722980,124,"BinaryOpStub_ADD_Alloc_String+String"
code-creation,Stub,13,0x4b722a00,141,"CompareICStub"
code-creation,LazyCompile,0,0x4b722aa0,164,"d native messages.js:1125",0x23c197dc,
code-creation,LazyCompile,0,0x4b722b60,360," native messages.js:1135",0x23c19844,
code-creation,LazyCompile,0,0x4b722b60,360," native messages.js:1135",0x23c19844,
code-creation,LoadIC,5,0x4b722ce0,102,"global"
code-creation,LoadIC,5,0x4b722ce0,102,"global"
code-creation,LoadIC,5,0x4b722d60,102,"builtins"
code-creation,LoadIC,5,0x4b722d60,102,"builtins"
code-creation,Stub,2,0x4b722de0,163,"FastNewContextStub"
code-creation,LazyCompile,0,0x4b722ea0,516,"captureStackTrace native messages.js:1079",0x23c18424,
code-creation,Stub,14,0x4b7230c0,101,"ToBooleanStub_Undefined"
code-creation,LazyCompile,0,0x4b722b60,360," native messages.js:1135",0x23c19844,
code-creation,LoadIC,5,0x4b723140,102,"$Error"
code-creation,LoadIC,5,0x4b723140,102,"$Error"
code-creation,CallMiss,7,0x4b7231c0,180,"args_count: 2"
code-creation,CallIC,7,0x4b723280,131,"captureStackTrace"
code-creation,LoadIC,5,0x4b723320,133,""
code-creation,LoadIC,5,0x4b723320,133,""
code-creation,LazyCompile,0,0x4b722b60,360," native messages.js:1135",0x23c19844,
code-creation,LazyCompile,0,0x4b722b60,360," native messages.js:1135",0x23c19844,
code-creation,LazyCompile,0,0x4b722b60,360," native messages.js:1135",0x23c19844,
code-creation,LazyCompile,0,0x4b722b60,360," native messages.js:1135",0x23c19844,
code-creation,LazyCompile,0,0x4b722b60,360," native messages.js:1135",0x23c19844,
code-creation,LazyCompile,0,0x4b7233c0,292,"SetUpStackOverflowBoilerplate native messages.js:1234",0x23c1862c,
code-creation,LazyCompile,0,0x4b723500,200,"MakeRangeError native messages.js:307",0x23c173e4,
code-creation,LazyCompile,0,0x4b7235e0,268,"MakeGenericError native messages.js:254",0x23c171dc,
code-creation,LazyCompile,0,0x4b723700,268,"FormatMessage native messages.js:273",0x23c17244,
code-creation,Stub,12,0x4b723820,88,"BinaryOpStub_SHR_OverwriteLeft_Uninitialized+Uninitialized"
code-creation,LazyCompile,0,0x4b723880,1432,"FormatString native messages.js:159",0x23c16fd4,
code-creation,LazyCompile,0,0x4b723e20,420,"ToString native runtime.js:550",0x23c0b2a0,
code-creation,LoadIC,5,0x4b723fe0,133,""
code-creation,LoadIC,5,0x4b723fe0,133,""
code-creation,Script,0,0x4b724080,268,"native apinatives.js",0x23c19f48,
code-creation,Stub,2,0x4b7241a0,185,"FastCloneShallowObjectStub"
code-creation,Script,0,0x4b724260,728,"native date.js",0x23c1bf80,
code-creation,StoreIC,9,0x4b724540,140,"time"
code-creation,StoreIC,9,0x4b724540,140,"time"
code-creation,CallInitialize,7,0x4b7245e0,178,"args_count: 0"
code-creation,Stub,13,0x4b7246a0,104,"CompareICStub"
code-creation,LazyCompile,0,0x4b724720,1392," native date.js:145",0x23c1bedc,
code-creation,LazyCompile,0,0x4b724720,1392," native date.js:145",0x23c1bedc,
code-creation,CallInitialize,7,0x4b724ca0,189,"args_count: 92"
code-creation,LazyCompile,0,0x4b724d60,1276,"SetUpDate native date.js:768",0x23c1bc0c,
code-creation,CallPreMonomorphic,7,0x4b725260,189,"args_count: 92"
code-creation,Script,0,0x4b725320,264,"native json.js",0x23c1ce60,
code-creation,LazyCompile,0,0x4b725440,260,"SetUpJSON native json.js:210",0x23c1cd14,
code-creation,Script,0,0x4b725560,404,"native regexp.js",0x23c1d8d0,
code-creation,CallInitialize,7,0x4b725700,180,"args_count: 8"
code-creation,LazyCompile,0,0x4b7257c0,1560,"SetUpRegExp native regexp.js:404",0x23c1d77c,
code-creation,LazyCompile,0,0x4b725de0,324,"RegExpConstructor native regexp.js:86",0x23c1d1cc,
code-creation,LazyCompile,0,0x4b725de0,324,"RegExpConstructor native regexp.js:86",0x23c1d1cc,
code-creation,CallPreMonomorphic,7,0x4b725f40,180,"args_count: 8"
code-creation,Stub,2,0x4b726000,1446,"StringAddStub"
code-creation,Stub,2,0x4b7265c0,1443,"StringAddStub"
code-creation,Stub,12,0x4b726b80,133,"BinaryOpStub_ADD_Alloc_String+SMI"
code-creation,CallPreMonomorphic,7,0x4b726c20,178,"args_count: 2"
code-creation,LazyCompile,0,0x4b726ce0,460,"ToPrimitive native runtime.js:506",0x23c0b100,
code-creation,LazyCompile,0,0x4b726ec0,224,"RegExpMakeCaptureGetter native regexp.js:364",0x23c1d714,
code-creation,LoadIC,5,0x4b726fa0,102,"$RegExp"
code-creation,LoadIC,5,0x4b726fa0,102,"$RegExp"
code-creation,Stub,13,0x4b727020,507,"CompareICStub"
code-creation,CallMiss,7,0x4b727220,180,"args_count: 1"
code-creation,CallIC,7,0x4b7272e0,131,"RegExpMakeCaptureGetter"
